<?xml version="1.0" encoding="UTF-8"?>
<!-- Generated by org.testng.reporters.JUnitReportReporter -->
<testsuite skipped="0" hostname="DESKTOP-1J0QRU3" name="org.cookies.MyCookiesForGet" tests="2" failures="0" timestamp="05 十二月 2018 09:05:44 GMT" time="0.644" errors="0">
  <testcase name="testGetCookies" time="0.642" classname="org.cookies.MyCookiesForGet"/>
  <testcase name="testGetWithCookies" time="0.002" classname="org.cookies.MyCookiesForGet"/>
</testsuite> <!-- org.cookies.MyCookiesForGet -->
