<?xml version="1.0" encoding="UTF-8"?>
<!-- Generated by org.testng.reporters.JUnitReportReporter -->
<testsuite skipped="0" hostname="DESKTOP-1J0QRU3" name="org.httpclient.MyHttpClient" tests="1" failures="0" timestamp="05 十二月 2018 01:47:53 GMT" time="1.139" errors="0">
  <testcase name="test1" time="1.139" classname="org.httpclient.MyHttpClient"/>
</testsuite> <!-- org.httpclient.MyHttpClient -->
