<?xml version="1.0" encoding="UTF-8"?>
<!-- Generated by org.testng.reporters.JUnitReportReporter -->
<testsuite skipped="0" hostname="DESKTOP-1J0QRU3" name="com.interface_autotest.autotest.multiThread.MultiThreadOnAnnotion" tests="10" failures="0" timestamp="28 十一月 2018 02:18:08 GMT" time="0.111" errors="0">
  <testcase name="test" time="0.005" classname="com.interface_autotest.autotest.multiThread.MultiThreadOnAnnotion"/>
  <testcase name="test" time="0.025" classname="com.interface_autotest.autotest.multiThread.MultiThreadOnAnnotion"/>
  <testcase name="test" time="0.003" classname="com.interface_autotest.autotest.multiThread.MultiThreadOnAnnotion"/>
  <testcase name="test" time="0.026" classname="com.interface_autotest.autotest.multiThread.MultiThreadOnAnnotion"/>
  <testcase name="test" time="0.025" classname="com.interface_autotest.autotest.multiThread.MultiThreadOnAnnotion"/>
  <testcase name="test" time="0.005" classname="com.interface_autotest.autotest.multiThread.MultiThreadOnAnnotion"/>
  <testcase name="test" time="0.002" classname="com.interface_autotest.autotest.multiThread.MultiThreadOnAnnotion"/>
  <testcase name="test" time="0.006" classname="com.interface_autotest.autotest.multiThread.MultiThreadOnAnnotion"/>
  <testcase name="test" time="0.011" classname="com.interface_autotest.autotest.multiThread.MultiThreadOnAnnotion"/>
  <testcase name="test" time="0.003" classname="com.interface_autotest.autotest.multiThread.MultiThreadOnAnnotion"/>
</testsuite> <!-- com.interface_autotest.autotest.multiThread.MultiThreadOnAnnotion -->
