<?xml version="1.0" encoding="UTF-8"?>
<!-- Generated by org.testng.reporters.JUnitReportReporter -->
<testsuite skipped="0" hostname="SC-201705192054" name="com.interface_autotest.autotest.parameter.ParameterTest" tests="1" failures="0" timestamp="27 十一月 2018 12:30:40 GMT" time="0.015" errors="0">
  <testcase name="paramTest1" time="0.015" classname="com.interface_autotest.autotest.parameter.ParameterTest"/>
</testsuite> <!-- com.interface_autotest.autotest.parameter.ParameterTest -->
