<?xml version="1.0" encoding="UTF-8"?>
<!-- Generated by org.testng.reporters.JUnitReportReporter -->
<testsuite skipped="0" hostname="DESKTOP-1J0QRU3" name="com.interface_autotest.autotest.multiThread.MultiThreadOnXml" tests="4" failures="0" timestamp="28 十一月 2018 02:37:28 GMT" time="0.044" errors="0">
  <testcase name="test2" time="0.004" classname="com.interface_autotest.autotest.multiThread.MultiThreadOnXml"/>
  <testcase name="test1" time="0.018" classname="com.interface_autotest.autotest.multiThread.MultiThreadOnXml"/>
  <testcase name="test1" time="0.018" classname="com.interface_autotest.autotest.multiThread.MultiThreadOnXml"/>
  <testcase name="test2" time="0.004" classname="com.interface_autotest.autotest.multiThread.MultiThreadOnXml"/>
</testsuite> <!-- com.interface_autotest.autotest.multiThread.MultiThreadOnXml -->
