<?xml version="1.0" encoding="UTF-8"?>
<!-- Generated by org.testng.reporters.JUnitReportReporter -->
<testsuite skipped="0" hostname="DESKTOP-1J0QRU3" name="com.interface_autotest.autotest.suite.PayTest" tests="1" failures="0" timestamp="27 十一月 2018 03:08:56 GMT" time="0.002" errors="0">
  <testcase name="paysccessful" time="0.002" classname="com.interface_autotest.autotest.suite.PayTest"/>
</testsuite> <!-- com.interface_autotest.autotest.suite.PayTest -->
