<?xml version="1.0" encoding="UTF-8"?>
<!-- Generated by org.testng.reporters.JUnitReportReporter -->
<<<<<<< Updated upstream
<testsuite skipped="1" hostname="DESKTOP-1J0QRU3" name="com.interface_autotest.autotest.BasicAnnotation" tests="2" failures="0" timestamp="27 十一月 2018 08:26:58 GMT" time="0.010" errors="0">
  <testcase name="testCase3" time="0.010" classname="com.interface_autotest.autotest.BasicAnnotation"/>
=======
<testsuite skipped="1" hostname="SC-201705192054" name="com.interface_autotest.autotest.BasicAnnotation" tests="6" failures="0" timestamp="24 十一月 2018 13:58:13 GMT" time="0.016" errors="0">
  <testcase name="testCase5" time="0.003" classname="com.interface_autotest.autotest.BasicAnnotation"/>
  <testcase name="testCase2" time="0.007" classname="com.interface_autotest.autotest.BasicAnnotation"/>
  <testcase name="testCase3" time="0.003" classname="com.interface_autotest.autotest.BasicAnnotation"/>
  <testcase name="testCase6" time="0.001" classname="com.interface_autotest.autotest.BasicAnnotation"/>
  <testcase name="testCase4" time="0.002" classname="com.interface_autotest.autotest.BasicAnnotation"/>
>>>>>>> Stashed changes
  <testcase name="testCase1" classname="com.interface_autotest.autotest.BasicAnnotation">
    <skipped/>
  </testcase> <!-- testCase1 -->
</testsuite> <!-- com.interface_autotest.autotest.BasicAnnotation -->
