<?xml version="1.0" encoding="UTF-8"?>
<!-- Generated by org.testng.reporters.JUnitReportReporter -->
<testsuite name="com.demo.test.testDataProvider" tests="3" time="0.007" ignored="0" failures="0" timestamp="23 四月 2019 06:38:17 GMT" skipped="0" hostname="JN64CJ6N1XA3LMR" errors="0">
  <testcase name="test" time="0.002" classname="com.demo.test.testDataProvider"/>
  <testcase name="test" time="0.001" classname="com.demo.test.testDataProvider"/>
  <testcase name="test" time="0.004" classname="com.demo.test.testDataProvider"/>
</testsuite> <!-- com.demo.test.testDataProvider -->
