<?xml version="1.0" encoding="UTF-8"?>
<!-- Generated by org.testng.reporters.JUnitReportReporter -->
<testsuite name="com.course.cases.GetUserInfoTest" tests="1" time="1.244" ignored="0" failures="0" timestamp="21 四月 2019 12:48:03 GMT" skipped="0" hostname="LAPTOP-DK86T691" errors="0">
  <testcase name="getUserInfo" time="1.244" classname="com.course.cases.GetUserInfoTest"/>
</testsuite> <!-- com.course.cases.GetUserInfoTest -->
