<?xml version="1.0" encoding="UTF-8"?>
<!-- Generated by org.testng.reporters.JUnitReportReporter -->
<testsuite name="com.course.cases.AddUserTest" tests="1" time="6.144" ignored="0" failures="0" timestamp="21 四月 2019 12:48:03 GMT" skipped="0" hostname="LAPTOP-DK86T691" errors="0">
  <testcase name="addUser" time="6.144" classname="com.course.cases.AddUserTest"/>
</testsuite> <!-- com.course.cases.AddUserTest -->
