<?xml version="1.0" encoding="UTF-8"?>
<!-- Generated by org.testng.reporters.JUnitReportReporter -->
<testsuite name="com.course.cases.LoginTest" tests="2" time="9.505" ignored="0" failures="0" timestamp="21 四月 2019 12:48:03 GMT" skipped="0" hostname="LAPTOP-DK86T691" errors="0">
  <testcase name="loginFalse" time="1.031" classname="com.course.cases.LoginTest"/>
  <testcase name="loginTrue" time="8.474" classname="com.course.cases.LoginTest"/>
</testsuite> <!-- com.course.cases.LoginTest -->
