<?xml version="1.0" encoding="UTF-8"?>
<!-- Generated by org.testng.reporters.JUnitReportReporter -->
<testsuite name="com.course.cases.GetUserInfoTest" tests="1" time="1.399" ignored="0" failures="0" timestamp="22 四月 2019 09:10:02 GMT" skipped="0" hostname="JN64CJ6N1XA3LMR" errors="0">
  <testcase name="getUserInfo" time="1.399" classname="com.course.cases.GetUserInfoTest"/>
</testsuite> <!-- com.course.cases.GetUserInfoTest -->
