<?xml version="1.0" encoding="UTF-8"?>
<!-- Generated by org.testng.reporters.JUnitReportReporter -->
<testsuite name="com.course.cases.UpdateUserInfoTest" tests="2" time="23.817" ignored="0" failures="0" timestamp="22 四月 2019 09:10:02 GMT" skipped="0" hostname="JN64CJ6N1XA3LMR" errors="0">
  <testcase name="deleteUser" time="11.985" classname="com.course.cases.UpdateUserInfoTest"/>
  <testcase name="updateUserInfo" time="11.832" classname="com.course.cases.UpdateUserInfoTest"/>
</testsuite> <!-- com.course.cases.UpdateUserInfoTest -->
