<?xml version="1.0" encoding="UTF-8"?>
<!-- Generated by org.testng.reporters.JUnitReportReporter -->
<testsuite skipped="0" hostname="DESKTOP-1J0QRU3" name="com.interface_autotest.autotest.ExpectedException" tests="1" failures="0" timestamp="28 十一月 2018 06:58:24 GMT" time="0.022" errors="0">
  <testcase name="runTimeExceptionFailed" time="0.022" classname="com.interface_autotest.autotest.ExpectedException"/>
</testsuite> <!-- com.interface_autotest.autotest.ExpectedException -->
