<?xml version="1.0" encoding="UTF-8"?>
<!-- Generated by org.testng.reporters.JUnitReportReporter -->
<testsuite skipped="1" hostname="DESKTOP-1J0QRU3" name="com.interface_autotest.autotest.BasicAnnotation" tests="6" failures="0" timestamp="28 十一月 2018 06:59:14 GMT" time="0.021" errors="0">
  <testcase name="testCase5" time="0.002" classname="com.interface_autotest.autotest.BasicAnnotation"/>
  <testcase name="testCase4" time="0.004" classname="com.interface_autotest.autotest.BasicAnnotation"/>
  <testcase name="testCase3" time="0.002" classname="com.interface_autotest.autotest.BasicAnnotation"/>
  <testcase name="testCase2" time="0.009" classname="com.interface_autotest.autotest.BasicAnnotation"/>
  <testcase name="testCase6" time="0.004" classname="com.interface_autotest.autotest.BasicAnnotation"/>
  <testcase name="testCase1" classname="com.interface_autotest.autotest.BasicAnnotation">
    <skipped/>
  </testcase> <!-- testCase1 -->
</testsuite> <!-- com.interface_autotest.autotest.BasicAnnotation -->
