<?xml version="1.0" encoding="UTF-8"?>
<!-- Generated by org.testng.reporters.JUnitReportReporter -->
<testsuite skipped="0" hostname="DESKTOP-1J0QRU3" name="com.interface_autotest.autotest.parameter.ParameterTest" tests="1" failures="0" timestamp="27 十一月 2018 09:13:01 GMT" time="0.017" errors="0">
  <testcase name="paramTest1" time="0.017" classname="com.interface_autotest.autotest.parameter.ParameterTest"/>
</testsuite> <!-- com.interface_autotest.autotest.parameter.ParameterTest -->
