<?xml version="1.0" encoding="UTF-8"?>
<!-- Generated by org.testng.reporters.JUnitReportReporter -->
<testsuite skipped="0" hostname="DESKTOP-1J0QRU3" name="com.interface_autotest.autotest.suite.LoginTest" tests="1" failures="0" timestamp="27 十一月 2018 03:08:56 GMT" time="0.005" errors="0">
  <testcase name="loginsucess" time="0.005" classname="com.interface_autotest.autotest.suite.LoginTest"/>
</testsuite> <!-- com.interface_autotest.autotest.suite.LoginTest -->
