<?xml version="1.0" encoding="UTF-8"?>
<!-- Generated by org.testng.reporters.JUnitReportReporter -->
<testsuite skipped="0" hostname="SC-201705192054" name="com.interface_autotest.autotest.groups.GroupOnClass3" tests="4" failures="0" timestamp="27 十一月 2018 12:08:13 GMT" time="0.004" errors="0">
  <testcase name="method2" time="0.001" classname="com.interface_autotest.autotest.groups.GroupOnClass3"/>
  <testcase name="method2" time="0.001" classname="com.interface_autotest.autotest.groups.GroupOnClass3"/>
  <testcase name="method1" time="0.001" classname="com.interface_autotest.autotest.groups.GroupOnClass3"/>
  <testcase name="method1" time="0.001" classname="com.interface_autotest.autotest.groups.GroupOnClass3"/>
</testsuite> <!-- com.interface_autotest.autotest.groups.GroupOnClass3 -->
