<?xml version="1.0" encoding="UTF-8"?>
<!-- Generated by org.testng.reporters.JUnitReportReporter -->
<testsuite skipped="0" hostname="DESKTOP-1J0QRU3" name="com.interface_autotest.autotest.groups.GroupOnClass2" tests="2" failures="0" timestamp="27 十一月 2018 08:56:27 GMT" time="0.006" errors="0">
  <testcase name="method1" time="0.002" classname="com.interface_autotest.autotest.groups.GroupOnClass2"/>
  <testcase name="method2" time="0.004" classname="com.interface_autotest.autotest.groups.GroupOnClass2"/>
</testsuite> <!-- com.interface_autotest.autotest.groups.GroupOnClass2 -->
