<?xml version="1.0" encoding="UTF-8"?>
<!-- Generated by org.testng.reporters.JUnitReportReporter -->
<testsuite skipped="0" hostname="DESKTOP-1J0QRU3" name="com.interface_autotest.autotest.ExpectedException" tests="1" failures="0" timestamp="27 十一月 2018 03:20:11 GMT" time="0.012" errors="0">
  <testcase name="runTimeExceptionFailed" time="0.012" classname="com.interface_autotest.autotest.ExpectedException"/>
</testsuite> <!-- com.interface_autotest.autotest.ExpectedException -->
