<?xml version="1.0" encoding="UTF-8"?>
<!-- Generated by org.testng.reporters.JUnitReportReporter -->
<testsuite skipped="1" hostname="DESKTOP-1J0QRU3" name="com.interface_autotest.autotest.BasicAnnotation" tests="2" failures="0" timestamp="27 十一月 2018 08:26:58 GMT" time="0.010" errors="0">
  <testcase name="testCase3" time="0.010" classname="com.interface_autotest.autotest.BasicAnnotation"/>
  <testcase name="testCase1" classname="com.interface_autotest.autotest.BasicAnnotation">
    <skipped/>
  </testcase> <!-- testCase1 -->
</testsuite> <!-- com.interface_autotest.autotest.BasicAnnotation -->
